YouTube Podcast Scraper v1.0
运行时间: 2026-07-14T04:48:49.475316
仓库根目录: /home/runner/work/hermes-podcast-scraper/hermes-podcast-scraper

已处理视频: 121 个

🔍 搜索: 品牌运营 创业故事 企业家 深度访谈
   找到 3 个视频
🔍 搜索: 品牌建设 品牌营销 增长策略
   找到 3 个视频
🔍 搜索: 企业成长 管理经验 创始人对话
   找到 3 个视频
🔍 搜索: 创业经验 商业思维 赚钱生意
   找到 3 个视频
🔍 搜索: 品牌出海 跨境电商 国际化运营
   找到 3 个视频
🔍 搜索: brand building business strategy podcast interview
   找到 3 个视频
🔍 搜索: founder story business growth branding tips
   找到 3 个视频
🔍 搜索: how to build a brand marketing entrepreneurship
   找到 3 个视频
🔍 搜索: startup scaling brand strategy CEO interview
   找到 3 个视频
🔍 搜索: business growth mindset leadership brand story
   找到 3 个视频

📊 本次待处理新视频: 3 个

📹 [uot68DXCX-w] The 2 reasons all startups fail | Misti Cain | TEDxSanDiego
   频道: TEDx Talks | 播放: 95975
    Downloading subtitles (no cookies)...
  yt-dlp exit code: 1
  yt-dlp ERROR: WARNING: [youtube] No title found in player responses; falling back to title from initial data. Other metadata may also be missing
  No subtitle files downloaded
   ⚠️ 无逐字稿（可能没有字幕）
  ✅ 已保存: wiki/来源/播客/2026-07-14 The 2 reasons all startups fail | Misti Cain | TEDxSanDiego.md

📹 [2GlzdLFvcL8] FIND YOUR FLOW! Lululemon's Founder on Building A Billion Dollar Brand
   频道: Tony Robbins | 播放: 57541
    Downloading subtitles (no cookies)...
  yt-dlp exit code: 1
  yt-dlp ERROR: WARNING: [youtube] No title found in player responses; falling back to title from initial data. Other metadata may also be missing
  No subtitle files downloaded
   ⚠️ 无逐字稿（可能没有字幕）
  ✅ 已保存: wiki/来源/播客/2026-07-14 FIND YOUR FLOW! Lululemon's Founder on Building A Billion Do.md

📹 [h4P0Bx0uoWk] How to Build a Global Brand: A Story from the Founder of Reebok | Brands Through Stories
   频道: Mastervision® Podcast by Nina Seredai | 播放: 26252
    Downloading subtitles (no cookies)...
  yt-dlp exit code: 1
  yt-dlp ERROR: WARNING: [youtube] No title found in player responses; falling back to title from initial data. Other metadata may also be missing
  No subtitle files downloaded
   ⚠️ 无逐字稿（可能没有字幕）
  ✅ 已保存: wiki/来源/播客/2026-07-14 How to Build a Global Brand: A Story from the Founder of Ree.md

✅ 完成！成功处理 3/3 个视频
   累计已处理: 124 个
